{"name": "test_04_usedata[3排第三]", "status": "failed", "statusDetails": {"message": "AssertionError: assert 3 < 1", "trace": "self = <test.test_LoginApi.TestLogin object at 0x0000022062B83340>, logindata = 3\n\n    @allure.feature('参数传入模块')\n    def test_04_usedata(self,logindata):\n        print(logindata)\n>       assert logindata < 1\nE       assert 3 < 1\n\ntest221010\\test\\test_LoginApi.py:337: AssertionError"}, "parameters": [{"name": "logindata", "value": "3"}], "start": 1670397937842, "stop": 1670397937842, "uuid": "f1b0c9d6-97f1-4250-9e38-35241ad3c9d8", "historyId": "3a3864b545a02c833628acd24c6e0e6b", "testCaseId": "be26f4b7cb17c5b045f4a6db8a043bd7", "fullName": "test221010.test.test_LoginApi.TestLogin#test_04_usedata", "labels": [{"name": "feature", "value": "参数传入模块"}, {"name": "feature", "value": "登录注册模块"}, {"name": "parentSuite", "value": "test221010.test"}, {"name": "suite", "value": "test_LoginApi"}, {"name": "subSuite", "value": "TestLogin"}, {"name": "host", "value": "DESKTOP-8H78TQB"}, {"name": "thread", "value": "9736-MainThread"}, {"name": "framework", "value": "pytest"}, {"name": "language", "value": "cpython3"}, {"name": "package", "value": "test221010.test.test_LoginApi"}]}