{"name": "test_04_usedata[1排第一]", "status": "failed", "statusDetails": {"message": "AssertionError: assert 1 < 1", "trace": "self = <test.test_LoginApi.TestLogin object at 0x0000023CBB7F0550>, logindata = 1\n\n    @allure.feature('参数传入模块')\n    def test_04_usedata(self,logindata):\n        print(logindata)\n>       assert logindata < 1\nE       assert 1 < 1\n\ntest221010\\test\\test_LoginApi.py:287: AssertionError"}, "parameters": [{"name": "logindata", "value": "1"}], "start": 1670386580035, "stop": 1670386580035, "uuid": "359b8dc0-6b5f-4caa-963e-87209f3fabfc", "historyId": "c05ca69483e830f9fe83b2774d1884a3", "testCaseId": "be26f4b7cb17c5b045f4a6db8a043bd7", "fullName": "test221010.test.test_LoginApi.TestLogin#test_04_usedata", "labels": [{"name": "feature", "value": "参数传入模块"}, {"name": "feature", "value": "登录注册模块"}, {"name": "parentSuite", "value": "test221010.test"}, {"name": "suite", "value": "test_LoginApi"}, {"name": "subSuite", "value": "TestLogin"}, {"name": "host", "value": "DESKTOP-8H78TQB"}, {"name": "thread", "value": "9800-MainThread"}, {"name": "framework", "value": "pytest"}, {"name": "language", "value": "cpython3"}, {"name": "package", "value": "test221010.test.test_LoginApi"}]}